0 info it worked if it ends with ok
1 verbose cli [ 'C:\\Program Files (x86)\\nodejs\\\\node.exe',
1 verbose cli   'C:\\Program Files (x86)\\nodejs\\node_modules\\npm\\bin\\npm-cli.js',
1 verbose cli   'publish' ]
2 info using npm@2.7.4
3 info using node@v0.12.2
4 verbose node symlink C:\Program Files (x86)\nodejs\\node.exe
5 verbose publish [ '.' ]
6 silly cache add args [ '.', null ]
7 verbose cache add spec .
8 silly cache add parsed spec { raw: '.',
8 silly cache add   scope: null,
8 silly cache add   name: null,
8 silly cache add   rawSpec: '.',
8 silly cache add   spec: 'D:\\Nodejs V2\\node-sdl2',
8 silly cache add   type: 'directory' }
9 verbose addLocalDirectory C:\Users\Zetsin\AppData\Roaming\npm-cache\node-sdl2\1.0.0\package.tgz not in flight; packing
10 verbose tar pack [ 'C:\\Users\\Zetsin\\AppData\\Roaming\\npm-cache\\node-sdl2\\1.0.0\\package.tgz',
10 verbose tar pack   'D:\\Nodejs V2\\node-sdl2' ]
11 verbose tarball C:\Users\Zetsin\AppData\Roaming\npm-cache\node-sdl2\1.0.0\package.tgz
12 verbose folder D:\Nodejs V2\node-sdl2
13 info prepublish node-sdl2@1.0.0
14 verbose addLocalTarball adding from inside cache C:\Users\Zetsin\AppData\Roaming\npm-cache\node-sdl2\1.0.0\package.tgz
15 silly cache afterAdd node-sdl2@1.0.0
16 verbose afterAdd C:\Users\Zetsin\AppData\Roaming\npm-cache\node-sdl2\1.0.0\package\package.json not in flight; writing
17 verbose afterAdd C:\Users\Zetsin\AppData\Roaming\npm-cache\node-sdl2\1.0.0\package\package.json written
18 silly publish { name: 'node-sdl2',
18 silly publish   version: '1.0.0',
18 silly publish   description: 'Bindings for SDL2 in Node',
18 silly publish   main: 'index.js',
18 silly publish   dependencies:
18 silly publish    { iconv: '^2.1.10',
18 silly publish      ffi: '^1.3.2',
18 silly publish      ref: '^1.0.2',
18 silly publish      'ref-array': '^1.1.1',
18 silly publish      'ref-struct': '^1.0.1',
18 silly publish      'ref-union': '^0.0.3',
18 silly publish      'ref-wchar': '^1.0.0' },
18 silly publish   devDependencies:
18 silly publish    { ffi: '*',
18 silly publish      iconv: '*',
18 silly publish      ref: '*',
18 silly publish      'ref-array': '*',
18 silly publish      'ref-struct': '*',
18 silly publish      'ref-union': '*',
18 silly publish      'ref-wchar': '*' },
18 silly publish   scripts: { test: 'echo "Error: no test specified" && exit 1' },
18 silly publish   repository:
18 silly publish    { type: 'git',
18 silly publish      url: 'https://github.com/zetsingithub/node-sdl2.git' },
18 silly publish   keywords: [ 'node', 'sdl2', 'binding' ],
18 silly publish   author: { name: 'Zetsin' },
18 silly publish   license: 'MIT',
18 silly publish   bugs: { url: 'https://github.com/zetsingithub/node-sdl2/issues' },
18 silly publish   homepage: 'https://github.com/zetsingithub/node-sdl2',
18 silly publish   readme: 'ERROR: No README data found!',
18 silly publish   _id: 'node-sdl2@1.0.0',
18 silly publish   _shasum: 'b21e309c356b44e6e4cdea8aa12850e41a06839d',
18 silly publish   _from: '.' }
19 silly mapToRegistry name node-sdl2
20 silly mapToRegistry using default registry
21 silly mapToRegistry registry https://registry.npmjs.org/
22 silly mapToRegistry uri https://registry.npmjs.org/node-sdl2
23 verbose publish registryBase https://registry.npmjs.org/
24 silly publish uploading C:\Users\Zetsin\AppData\Roaming\npm-cache\node-sdl2\1.0.0\package.tgz
25 verbose request uri https://registry.npmjs.org/node-sdl2
26 verbose request sending authorization for write operation
27 info attempt registry request try #1 at 17:00:49
28 verbose request using bearer token for auth
29 verbose request id 0cd24720c5a21e72
30 http request PUT https://registry.npmjs.org/node-sdl2
31 http 403 https://registry.npmjs.org/node-sdl2
32 verbose headers { 'content-type': 'application/json',
32 verbose headers   'cache-control': 'max-age=60',
32 verbose headers   'content-length': '95',
32 verbose headers   'accept-ranges': 'bytes',
32 verbose headers   date: 'Mon, 17 Aug 2015 09:01:30 GMT',
32 verbose headers   via: '1.1 varnish',
32 verbose headers   connection: 'keep-alive',
32 verbose headers   'x-served-by': 'cache-itm7422-ITM',
32 verbose headers   'x-cache': 'MISS',
32 verbose headers   'x-cache-hits': '0',
32 verbose headers   'x-timer': 'S1439802054.278276,VS0,VE36130' }
33 verbose request invalidating C:\Users\Zetsin\AppData\Roaming\npm-cache\registry.npmjs.org\node-sdl2 on PUT
34 error publish Failed PUT 403
35 verbose stack Error: "You cannot publish over the previously published version 1.0.0." : node-sdl2
35 verbose stack     at CachingRegistryClient.<anonymous> (C:\Program Files (x86)\nodejs\node_modules\npm\node_modules\npm-registry-client\lib\request.js:247:14)
35 verbose stack     at Request._callback (C:\Program Files (x86)\nodejs\node_modules\npm\node_modules\npm-registry-client\lib\request.js:170:14)
35 verbose stack     at Request.self.callback (C:\Program Files (x86)\nodejs\node_modules\npm\node_modules\request\request.js:344:22)
35 verbose stack     at Request.emit (events.js:110:17)
35 verbose stack     at Request.<anonymous> (C:\Program Files (x86)\nodejs\node_modules\npm\node_modules\request\request.js:1239:14)
35 verbose stack     at Request.emit (events.js:129:20)
35 verbose stack     at IncomingMessage.<anonymous> (C:\Program Files (x86)\nodejs\node_modules\npm\node_modules\request\request.js:1187:12)
35 verbose stack     at IncomingMessage.emit (events.js:129:20)
35 verbose stack     at _stream_readable.js:908:16
35 verbose stack     at process._tickCallback (node.js:355:11)
36 verbose statusCode 403
37 verbose pkgid node-sdl2
38 verbose cwd D:\Nodejs V2\node-sdl2
39 error Windows_NT 6.3.9600
40 error argv "C:\\Program Files (x86)\\nodejs\\\\node.exe" "C:\\Program Files (x86)\\nodejs\\node_modules\\npm\\bin\\npm-cli.js" "publish"
41 error node v0.12.2
42 error npm  v2.7.4
43 error code E403
44 error "You cannot publish over the previously published version 1.0.0." : node-sdl2
45 error If you need help, you may report this error at:
45 error     <https://github.com/npm/npm/issues>
46 verbose exit [ 1, true ]
